
**** Build of configuration Nios II for project lab_09_5 ****

make all 
Info: Building ../lab_09_5_bsp/
make --no-print-directory -C ../lab_09_5_bsp/
[BSP build complete]
Info: Compiling count_binary.c to obj/default/count_binary.o
nios2-elf-gcc -xc -MP -MMD -c -I../lab_09_5_bsp//HAL/inc -I../lab_09_5_bsp/ -I../lab_09_5_bsp//drivers/inc  -DSYSTEM_BUS_WIDTH=32 -pipe -D__hal__ -DALT_NO_INSTRUCTION_EMULATION -DALT_SINGLE_THREADED    -O0 -g -Wall   -EL -mno-hw-div -mno-hw-mul -mno-hw-mulx  -o obj/default/count_binary.o count_binary.c
count_binary.c: In function 'init_BUTTONS_PIO':
count_binary.c:56: warning: implicit declaration of function 'alt_irq_register'
count_binary.c: In function 'clear_lcd':
count_binary.c:124: warning: format '%c' expects type 'int', but argument 4 has type 'char *'
count_binary.c:124: warning: format '%c' expects type 'int', but argument 4 has type 'char *'
Info: Compiling gps.c to obj/default/gps.o
nios2-elf-gcc -xc -MP -MMD -c -I../lab_09_5_bsp//HAL/inc -I../lab_09_5_bsp/ -I../lab_09_5_bsp//drivers/inc  -DSYSTEM_BUS_WIDTH=32 -pipe -D__hal__ -DALT_NO_INSTRUCTION_EMULATION -DALT_SINGLE_THREADED    -O0 -g -Wall   -EL -mno-hw-div -mno-hw-mul -mno-hw-mulx  -o obj/default/gps.o gps.c
gps.c: In function 'gps_state_machine':
gps.c:339: warning: embedded '\0' in format
gps.c:339: warning: embedded '\0' in format
gps.c: In function 'gps_convert_log':
gps.c:439: warning: embedded '\0' in format
gps.c:439: warning: embedded '\0' in format
gps.c:444: warning: embedded '\0' in format
gps.c:444: warning: embedded '\0' in format
gps.c:470: warning: embedded '\0' in format
gps.c:470: warning: embedded '\0' in format
gps.c:489: warning: passing argument 1 of 'strtol' from incompatible pointer type
Info: Compiling main.c to obj/default/main.o
nios2-elf-gcc -xc -MP -MMD -c -I../lab_09_5_bsp//HAL/inc -I../lab_09_5_bsp/ -I../lab_09_5_bsp//drivers/inc  -DSYSTEM_BUS_WIDTH=32 -pipe -D__hal__ -DALT_NO_INSTRUCTION_EMULATION -DALT_SINGLE_THREADED    -O0 -g -Wall   -EL -mno-hw-div -mno-hw-mul -mno-hw-mulx  -o obj/default/main.o main.c
Info: Compiling uart_interrupt.c to obj/default/uart_interrupt.o
nios2-elf-gcc -xc -MP -MMD -c -I../lab_09_5_bsp//HAL/inc -I../lab_09_5_bsp/ -I../lab_09_5_bsp//drivers/inc  -DSYSTEM_BUS_WIDTH=32 -pipe -D__hal__ -DALT_NO_INSTRUCTION_EMULATION -DALT_SINGLE_THREADED    -O0 -g -Wall   -EL -mno-hw-div -mno-hw-mul -mno-hw-mulx  -o obj/default/uart_interrupt.o uart_interrupt.c
uart_interrupt.c: In function 'init_uart':
uart_interrupt.c:53: warning: implicit declaration of function 'alt_irq_register'
Info: Linking lab_09_5.elf
nios2-elf-g++  -T'../lab_09_5_bsp//linker.x' -msys-crt0='../lab_09_5_bsp//obj/HAL/src/crt0.o' -msys-lib=hal_bsp -L../lab_09_5_bsp/   -Wl,-Map=lab_09_5.map   -O0 -g -Wall   -EL -mno-hw-div -mno-hw-mul -mno-hw-mulx  -o lab_09_5.elf obj/default/count_binary.o obj/default/gps.o obj/default/main.o obj/default/uart_interrupt.o -lm 
nios2-elf-insert lab_09_5.elf --thread_model hal --cpu_name cpu_nios --qsys true --simulation_enabled false --stderr_dev jtag_uart --stdin_dev jtag_uart --stdout_dev jtag_uart --sopc_system_name Nios_Qsys --quartus_project_dir "C:/Users/z68j959/Documents/GitHub/EELE475/DE2_System" --sopcinfo C:/Users/z68j959/Documents/GitHub/EELE475/DE2_System/Nios_Qsys.sopcinfo
Info: (lab_09_5.elf) 91 KBytes program size (code + initialized data).
Info:                8093 KBytes free for stack + heap.
Info: Creating lab_09_5.objdump
nios2-elf-objdump --disassemble --syms --all-header --source lab_09_5.elf >lab_09_5.objdump
[lab_09_5 build complete]

**** Build Finished ****

**** Build of configuration Nios II for project lab_09_5 ****

make all 
Info: Building ../lab_09_5_bsp/
make --no-print-directory -C ../lab_09_5_bsp/
[BSP build complete]
[lab_09_5 build complete]

**** Build Finished ****

**** Build of configuration Nios II for project lab_09_5 ****

make all 
Info: Building ../lab_09_5_bsp/
make --no-print-directory -C ../lab_09_5_bsp/
[BSP build complete]
[lab_09_5 build complete]

**** Build Finished ****
