
**** Build of configuration Nios II for project lab_09_2 ****

make all 
Info: Building ../lab_09_2_bsp/
make --no-print-directory -C ../lab_09_2_bsp/
[BSP build complete]
Info: Compiling count_binary.c to obj/default/count_binary.o
nios2-elf-gcc -xc -MP -MMD -c -I../lab_09_2_bsp//HAL/inc -I../lab_09_2_bsp/ -I../lab_09_2_bsp//drivers/inc  -DSYSTEM_BUS_WIDTH=32 -pipe -D__hal__ -DALT_NO_INSTRUCTION_EMULATION -DALT_SINGLE_THREADED    -O0 -g -Wall   -EL -mno-hw-div -mno-hw-mul -mno-hw-mulx  -o obj/default/count_binary.o count_binary.c
count_binary.c: In function 'init_BUTTONS_PIO':
count_binary.c:78: warning: implicit declaration of function 'alt_irq_register'
count_binary.c: In function 'count_led':
count_binary.c:127: warning: unused variable 'b'
count_binary.c: In function 'clear_lcd':
count_binary.c:163: warning: format '%c' expects type 'int', but argument 4 has type 'char *'
count_binary.c:163: warning: format '%c' expects type 'int', but argument 4 has type 'char *'
Info: Linking lab_09_2.elf
nios2-elf-g++  -T'../lab_09_2_bsp//linker.x' -msys-crt0='../lab_09_2_bsp//obj/HAL/src/crt0.o' -msys-lib=hal_bsp -L../lab_09_2_bsp/   -Wl,-Map=lab_09_2.map   -O0 -g -Wall   -EL -mno-hw-div -mno-hw-mul -mno-hw-mulx  -o lab_09_2.elf obj/default/count_binary.o -lm 
nios2-elf-insert lab_09_2.elf --thread_model hal --cpu_name cpu_nios --qsys true --simulation_enabled false --stderr_dev jtag_uart --stdin_dev jtag_uart --stdout_dev jtag_uart --sopc_system_name Nios_Qsys --quartus_project_dir "C:/Users/z68j959/Documents/GitHub/EELE475/DE2_System" --sopcinfo C:/Users/z68j959/Documents/GitHub/EELE475/DE2_System/Nios_Qsys.sopcinfo
Info: (lab_09_2.elf) 68 KBytes program size (code + initialized data).
Info:                8116 KBytes free for stack + heap.
Info: Creating lab_09_2.objdump
nios2-elf-objdump --disassemble --syms --all-header --source lab_09_2.elf >lab_09_2.objdump
[lab_09_2 build complete]

**** Build Finished ****
