Flow report for DE2_Board_top_level
Tue Sep 02 11:25:28 2014
Quartus II 64-Bit Version 13.0.1 Build 232 06/12/2013 Service Pack 1 SJ Full Version


---------------------
; Table of Contents ;
---------------------
  1. Legal Notice
  2. Flow Summary
  3. Flow Settings
  4. Flow Non-Default Global Settings
  5. Flow Elapsed Time
  6. Flow OS Summary
  7. Flow Log
  8. Flow Messages
  9. Flow Suppressed Messages



----------------
; Legal Notice ;
----------------
Copyright (C) 1991-2013 Altera Corporation
Your use of Altera Corporation's design tools, logic functions 
and other software and tools, and its AMPP partner logic 
functions, and any output files from any of the foregoing 
(including device programming or simulation files), and any 
associated documentation or information are expressly subject 
to the terms and conditions of the Altera Program License 
Subscription Agreement, Altera MegaCore Function License 
Agreement, or other applicable license agreement, including, 
without limitation, that your use is for the sole purpose of 
programming logic devices manufactured by Altera and sold by 
Altera or its authorized distributors.  Please refer to the 
applicable agreement for further details.



+---------------------------------------------------------------------------------------+
; Flow Summary                                                                          ;
+------------------------------------+--------------------------------------------------+
; Flow Status                        ; Successful - Tue Sep 02 11:25:28 2014            ;
; Quartus II 64-Bit Version          ; 13.0.1 Build 232 06/12/2013 SP 1 SJ Full Version ;
; Revision Name                      ; DE2_Board_top_level                              ;
; Top-level Entity Name              ; DE2_Board_top_level                              ;
; Family                             ; Cyclone II                                       ;
; Device                             ; EP2C35F672C6                                     ;
; Timing Models                      ; Final                                            ;
; Total logic elements               ; 1,790 / 33,216 ( 5 % )                           ;
;     Total combinational functions  ; 1,678 / 33,216 ( 5 % )                           ;
;     Dedicated logic registers      ; 984 / 33,216 ( 3 % )                             ;
; Total registers                    ; 984                                              ;
; Total pins                         ; 422 / 475 ( 89 % )                               ;
; Total virtual pins                 ; 0                                                ;
; Total memory bits                  ; 76,800 / 483,840 ( 16 % )                        ;
; Embedded Multiplier 9-bit elements ; 0 / 70 ( 0 % )                                   ;
; Total PLLs                         ; 0 / 4 ( 0 % )                                    ;
+------------------------------------+--------------------------------------------------+


+-----------------------------------------+
; Flow Settings                           ;
+-------------------+---------------------+
; Option            ; Setting             ;
+-------------------+---------------------+
; Start date & time ; 09/02/2014 11:25:01 ;
; Main task         ; Compilation         ;
; Revision Name     ; DE2_Board_top_level ;
+-------------------+---------------------+


+----------------------------------------------------------------------------------------------------------------------------------------------------------------------+
; Flow Non-Default Global Settings                                                                                                                                     ;
+-------------------------------------+-------------------------------------------------------------+---------------+---------------------------------+----------------+
; Assignment Name                     ; Value                                                       ; Default Value ; Entity Name                     ; Section Id     ;
+-------------------------------------+-------------------------------------------------------------+---------------+---------------------------------+----------------+
; COMPILER_SIGNATURE_ID               ; 203178705575094.140967870101312                             ; --            ; --                              ; --             ;
; EDA_OUTPUT_DATA_FORMAT              ; Vhdl                                                        ; --            ; --                              ; eda_simulation ;
; EDA_SIMULATION_TOOL                 ; ModelSim-Altera (VHDL)                                      ; <None>        ; --                              ; --             ;
; IP_TOOL_ENV                         ; Qsys                                                        ; --            ; Nios_Qsys                       ; --             ;
; IP_TOOL_ENV                         ; Qsys                                                        ; --            ; Nios_Qsys_LEDs                  ; --             ;
; IP_TOOL_ENV                         ; Qsys                                                        ; --            ; Nios_Qsys_Switches              ; --             ;
; IP_TOOL_ENV                         ; Qsys                                                        ; --            ; Nios_Qsys_addr_router           ; --             ;
; IP_TOOL_ENV                         ; Qsys                                                        ; --            ; Nios_Qsys_cmd_xbar_demux        ; --             ;
; IP_TOOL_ENV                         ; Qsys                                                        ; --            ; Nios_Qsys_cmd_xbar_mux          ; --             ;
; IP_TOOL_ENV                         ; Qsys                                                        ; --            ; Nios_Qsys_cpu_0                 ; --             ;
; IP_TOOL_ENV                         ; Qsys                                                        ; --            ; Nios_Qsys_id_router             ; --             ;
; IP_TOOL_ENV                         ; Qsys                                                        ; --            ; Nios_Qsys_irq_mapper            ; --             ;
; IP_TOOL_ENV                         ; Qsys                                                        ; --            ; Nios_Qsys_jtag_uart_0           ; --             ;
; IP_TOOL_ENV                         ; Qsys                                                        ; --            ; Nios_Qsys_onchip_memory2_0      ; --             ;
; IP_TOOL_ENV                         ; Qsys                                                        ; --            ; Nios_Qsys_rsp_xbar_demux        ; --             ;
; IP_TOOL_ENV                         ; Qsys                                                        ; --            ; Nios_Qsys_rsp_xbar_mux          ; --             ;
; IP_TOOL_ENV                         ; Qsys                                                        ; --            ; altera_avalon_sc_fifo           ; --             ;
; IP_TOOL_ENV                         ; Qsys                                                        ; --            ; altera_merlin_master_agent      ; --             ;
; IP_TOOL_ENV                         ; Qsys                                                        ; --            ; altera_merlin_master_translator ; --             ;
; IP_TOOL_ENV                         ; Qsys                                                        ; --            ; altera_merlin_slave_agent       ; --             ;
; IP_TOOL_ENV                         ; Qsys                                                        ; --            ; altera_merlin_slave_translator  ; --             ;
; IP_TOOL_ENV                         ; Qsys                                                        ; --            ; altera_reset_controller         ; --             ;
; IP_TOOL_NAME                        ; Qsys                                                        ; --            ; Nios_Qsys                       ; --             ;
; IP_TOOL_NAME                        ; altera_avalon_pio                                           ; --            ; Nios_Qsys_LEDs                  ; --             ;
; IP_TOOL_NAME                        ; altera_avalon_pio                                           ; --            ; Nios_Qsys_Switches              ; --             ;
; IP_TOOL_NAME                        ; altera_merlin_router                                        ; --            ; Nios_Qsys_addr_router           ; --             ;
; IP_TOOL_NAME                        ; altera_merlin_demultiplexer                                 ; --            ; Nios_Qsys_cmd_xbar_demux        ; --             ;
; IP_TOOL_NAME                        ; altera_merlin_multiplexer                                   ; --            ; Nios_Qsys_cmd_xbar_mux          ; --             ;
; IP_TOOL_NAME                        ; altera_nios2_qsys                                           ; --            ; Nios_Qsys_cpu_0                 ; --             ;
; IP_TOOL_NAME                        ; altera_merlin_router                                        ; --            ; Nios_Qsys_id_router             ; --             ;
; IP_TOOL_NAME                        ; altera_irq_mapper                                           ; --            ; Nios_Qsys_irq_mapper            ; --             ;
; IP_TOOL_NAME                        ; altera_avalon_jtag_uart                                     ; --            ; Nios_Qsys_jtag_uart_0           ; --             ;
; IP_TOOL_NAME                        ; altera_avalon_onchip_memory2                                ; --            ; Nios_Qsys_onchip_memory2_0      ; --             ;
; IP_TOOL_NAME                        ; altera_merlin_demultiplexer                                 ; --            ; Nios_Qsys_rsp_xbar_demux        ; --             ;
; IP_TOOL_NAME                        ; altera_merlin_multiplexer                                   ; --            ; Nios_Qsys_rsp_xbar_mux          ; --             ;
; IP_TOOL_NAME                        ; altera_avalon_sc_fifo                                       ; --            ; altera_avalon_sc_fifo           ; --             ;
; IP_TOOL_NAME                        ; altera_merlin_master_agent                                  ; --            ; altera_merlin_master_agent      ; --             ;
; IP_TOOL_NAME                        ; altera_merlin_master_translator                             ; --            ; altera_merlin_master_translator ; --             ;
; IP_TOOL_NAME                        ; altera_merlin_slave_agent                                   ; --            ; altera_merlin_slave_agent       ; --             ;
; IP_TOOL_NAME                        ; altera_merlin_slave_translator                              ; --            ; altera_merlin_slave_translator  ; --             ;
; IP_TOOL_NAME                        ; altera_reset_controller                                     ; --            ; altera_reset_controller         ; --             ;
; IP_TOOL_VERSION                     ; 13.0sp1                                                     ; --            ; Nios_Qsys                       ; --             ;
; IP_TOOL_VERSION                     ; 13.0.1.99.2                                                 ; --            ; Nios_Qsys_LEDs                  ; --             ;
; IP_TOOL_VERSION                     ; 13.0.1.99.2                                                 ; --            ; Nios_Qsys_Switches              ; --             ;
; IP_TOOL_VERSION                     ; 13.0                                                        ; --            ; Nios_Qsys_addr_router           ; --             ;
; IP_TOOL_VERSION                     ; 13.0                                                        ; --            ; Nios_Qsys_cmd_xbar_demux        ; --             ;
; IP_TOOL_VERSION                     ; 13.0                                                        ; --            ; Nios_Qsys_cmd_xbar_mux          ; --             ;
; IP_TOOL_VERSION                     ; 13.0                                                        ; --            ; Nios_Qsys_cpu_0                 ; --             ;
; IP_TOOL_VERSION                     ; 13.0                                                        ; --            ; Nios_Qsys_id_router             ; --             ;
; IP_TOOL_VERSION                     ; 13.0                                                        ; --            ; Nios_Qsys_irq_mapper            ; --             ;
; IP_TOOL_VERSION                     ; 13.0.1.99.2                                                 ; --            ; Nios_Qsys_jtag_uart_0           ; --             ;
; IP_TOOL_VERSION                     ; 13.0.1.99.2                                                 ; --            ; Nios_Qsys_onchip_memory2_0      ; --             ;
; IP_TOOL_VERSION                     ; 13.0                                                        ; --            ; Nios_Qsys_rsp_xbar_demux        ; --             ;
; IP_TOOL_VERSION                     ; 13.0                                                        ; --            ; Nios_Qsys_rsp_xbar_mux          ; --             ;
; IP_TOOL_VERSION                     ; 13.0                                                        ; --            ; altera_avalon_sc_fifo           ; --             ;
; IP_TOOL_VERSION                     ; 13.0                                                        ; --            ; altera_merlin_master_agent      ; --             ;
; IP_TOOL_VERSION                     ; 13.0                                                        ; --            ; altera_merlin_master_translator ; --             ;
; IP_TOOL_VERSION                     ; 13.0                                                        ; --            ; altera_merlin_slave_agent       ; --             ;
; IP_TOOL_VERSION                     ; 13.0                                                        ; --            ; altera_merlin_slave_translator  ; --             ;
; IP_TOOL_VERSION                     ; 13.0                                                        ; --            ; altera_reset_controller         ; --             ;
; MAX_CORE_JUNCTION_TEMP              ; 85                                                          ; --            ; --                              ; --             ;
; MIN_CORE_JUNCTION_TEMP              ; 0                                                           ; --            ; --                              ; --             ;
; MISC_FILE                           ; Nios_Qsys/synthesis/../../Nios_Qsys.cmp                     ; --            ; --                              ; --             ;
; MISC_FILE                           ; Nios_Qsys/synthesis/../../Nios_Qsys.qsys                    ; --            ; --                              ; --             ;
; PARTITION_COLOR                     ; 16764057                                                    ; --            ; --                              ; Top            ;
; PARTITION_FITTER_PRESERVATION_LEVEL ; PLACEMENT_AND_ROUTING                                       ; --            ; --                              ; Top            ;
; PARTITION_NETLIST_TYPE              ; SOURCE                                                      ; --            ; --                              ; Top            ;
; POWER_BOARD_THERMAL_MODEL           ; None (CONSERVATIVE)                                         ; --            ; --                              ; --             ;
; POWER_PRESET_COOLING_SOLUTION       ; 23 MM HEAT SINK WITH 200 LFPM AIRFLOW                       ; --            ; --                              ; --             ;
; PROJECT_OUTPUT_DIRECTORY            ; output_files                                                ; --            ; --                              ; --             ;
; SLD_INFO                            ; QSYS_NAME Nios_Qsys HAS_SOPCINFO 1 GENERATION_ID 1409677514 ; --            ; Nios_Qsys                       ; --             ;
; SOPCINFO_FILE                       ; Nios_Qsys/synthesis/../../Nios_Qsys.sopcinfo                ; --            ; --                              ; --             ;
; SYNTHESIS_ONLY_QIP                  ; On                                                          ; --            ; --                              ; --             ;
+-------------------------------------+-------------------------------------------------------------+---------------+---------------------------------+----------------+


+-------------------------------------------------------------------------------------------------------------------------------+
; Flow Elapsed Time                                                                                                             ;
+---------------------------+--------------+-------------------------+---------------------+------------------------------------+
; Module Name               ; Elapsed Time ; Average Processors Used ; Peak Virtual Memory ; Total CPU Time (on all processors) ;
+---------------------------+--------------+-------------------------+---------------------+------------------------------------+
; Analysis & Synthesis      ; 00:00:08     ; 1.0                     ; 566 MB              ; 00:00:07                           ;
; Fitter                    ; 00:00:09     ; 1.8                     ; 1115 MB             ; 00:00:11                           ;
; Assembler                 ; 00:00:02     ; 1.0                     ; 456 MB              ; 00:00:02                           ;
; TimeQuest Timing Analyzer ; 00:00:01     ; 1.0                     ; 477 MB              ; 00:00:01                           ;
; EDA Netlist Writer        ; 00:00:02     ; 1.0                     ; 435 MB              ; 00:00:01                           ;
; Total                     ; 00:00:22     ; --                      ; --                  ; 00:00:22                           ;
+---------------------------+--------------+-------------------------+---------------------+------------------------------------+


+----------------------------------------------------------------------------------------+
; Flow OS Summary                                                                        ;
+---------------------------+------------------+-----------+------------+----------------+
; Module Name               ; Machine Hostname ; OS Name   ; OS Version ; Processor type ;
+---------------------------+------------------+-----------+------------+----------------+
; Analysis & Synthesis      ; bz-ece-cb60107   ; Windows 7 ; 6.1        ; x86_64         ;
; Fitter                    ; bz-ece-cb60107   ; Windows 7 ; 6.1        ; x86_64         ;
; Assembler                 ; bz-ece-cb60107   ; Windows 7 ; 6.1        ; x86_64         ;
; TimeQuest Timing Analyzer ; bz-ece-cb60107   ; Windows 7 ; 6.1        ; x86_64         ;
; EDA Netlist Writer        ; bz-ece-cb60107   ; Windows 7 ; 6.1        ; x86_64         ;
+---------------------------+------------------+-----------+------------+----------------+


------------
; Flow Log ;
------------
quartus_map --read_settings_files=on --write_settings_files=off DE2_System -c DE2_Board_top_level
quartus_fit --read_settings_files=off --write_settings_files=off DE2_System -c DE2_Board_top_level
quartus_asm --read_settings_files=off --write_settings_files=off DE2_System -c DE2_Board_top_level
quartus_sta DE2_System -c DE2_Board_top_level
quartus_eda --read_settings_files=off --write_settings_files=off DE2_System -c DE2_Board_top_level



