Info: Starting: Create block symbol file (.bsf)
Info: ip-generate --project-directory=C:/Users/w92p177/Desktop/DE2_System/ --output-directory=C:/Users/w92p177/Desktop/DE2_System/nios_system2/ --report-file=bsf:C:/Users/w92p177/Desktop/DE2_System/nios_system2.bsf --system-info=DEVICE_FAMILY="Cyclone II" --system-info=DEVICE=EP2C35F672C6 --system-info=DEVICE_SPEEDGRADE=6 --component-file=C:/Users/w92p177/Desktop/DE2_System/nios_system2.qsys
Progress: Loading DE2_System/nios_system2.qsys
Progress: Reading input file
Progress: Adding clk_0 [clock_source 13.0]
Progress: Parameterizing module clk_0
Progress: Adding cpu_0 [altera_nios2_qsys 13.0]
Progress: Parameterizing module cpu_0
Progress: Adding onchip_memory2_0 [altera_avalon_onchip_memory2 13.0.1.99.2]
Progress: Parameterizing module onchip_memory2_0
Progress: Adding Switches [altera_avalon_pio 13.0.1.99.2]
Progress: Parameterizing module Switches
Progress: Adding LEDs [altera_avalon_pio 13.0.1.99.2]
Progress: Parameterizing module LEDs
Progress: Adding jtag_uart_0 [altera_avalon_jtag_uart 13.0.1.99.2]
Progress: Parameterizing module jtag_uart_0
Progress: Building connections
Progress: Parameterizing connections
Progress: Validating
Progress: Done reading input file
Info: nios_system2.Switches: PIO inputs are not hardwired in test bench. Undefined values will be read from PIO inputs during simulation.
Warning: nios_system2.Switches: Switches.external_connection must be exported, or connected to a matching conduit.
Warning: nios_system2.LEDs: LEDs.external_connection must be exported, or connected to a matching conduit.
Info: ip-generate succeeded.
Info: Finished: Create block symbol file (.bsf)
Info: 
Info: Starting: Create HDL design files for synthesis
Info: ip-generate --project-directory=C:/Users/w92p177/Desktop/DE2_System/ --output-directory=C:/Users/w92p177/Desktop/DE2_System/nios_system2/synthesis/ --file-set=QUARTUS_SYNTH --report-file=sopcinfo:C:/Users/w92p177/Desktop/DE2_System/nios_system2.sopcinfo --report-file=html:C:/Users/w92p177/Desktop/DE2_System/nios_system2.html --report-file=qip:C:/Users/w92p177/Desktop/DE2_System/nios_system2/synthesis/nios_system2.qip --report-file=cmp:C:/Users/w92p177/Desktop/DE2_System/nios_system2.cmp --report-file=svd --system-info=DEVICE_FAMILY="Cyclone II" --system-info=DEVICE=EP2C35F672C6 --system-info=DEVICE_SPEEDGRADE=6 --component-file=C:/Users/w92p177/Desktop/DE2_System/nios_system2.qsys --language=VHDL
Progress: Loading DE2_System/nios_system2.qsys
Progress: Reading input file
Progress: Adding clk_0 [clock_source 13.0]
Progress: Parameterizing module clk_0
Progress: Adding cpu_0 [altera_nios2_qsys 13.0]
Progress: Parameterizing module cpu_0
Progress: Adding onchip_memory2_0 [altera_avalon_onchip_memory2 13.0.1.99.2]
Progress: Parameterizing module onchip_memory2_0
Progress: Adding Switches [altera_avalon_pio 13.0.1.99.2]
Progress: Parameterizing module Switches
Progress: Adding LEDs [altera_avalon_pio 13.0.1.99.2]
Progress: Parameterizing module LEDs
Progress: Adding jtag_uart_0 [altera_avalon_jtag_uart 13.0.1.99.2]
Progress: Parameterizing module jtag_uart_0
Progress: Building connections
Progress: Parameterizing connections
Progress: Validating
Progress: Done reading input file
Info: nios_system2.Switches: PIO inputs are not hardwired in test bench. Undefined values will be read from PIO inputs during simulation.
Warning: nios_system2.Switches: Switches.external_connection must be exported, or connected to a matching conduit.
Warning: nios_system2.LEDs: LEDs.external_connection must be exported, or connected to a matching conduit.
Info: nios_system2: Generating nios_system2 "nios_system2" for QUARTUS_SYNTH
Info: pipeline_bridge_swap_transform: After transform: 6 modules, 27 connections
Info: No custom instruction connections, skipping transform 
Info: merlin_translator_transform: After transform: 13 modules, 55 connections
Info: merlin_domain_transform: After transform: 26 modules, 138 connections
Info: merlin_router_transform: After transform: 33 modules, 166 connections
Info: reset_adaptation_transform: After transform: 34 modules, 131 connections
Info: merlin_network_to_switch_transform: After transform: 47 modules, 165 connections
Info: merlin_mm_transform: After transform: 47 modules, 165 connections
Info: merlin_interrupt_mapper_transform: After transform: 48 modules, 168 connections
Warning: nios_system2: "No matching role found for rst_controller:reset_out:reset_req (reset_req)"
Warning: nios_system2: "No matching role found for rst_controller:reset_out:reset_req (reset_req)"
Warning: nios_system2: "No matching role found for rst_controller:reset_out:reset_req (reset_req)"
Warning: nios_system2: "No matching role found for rst_controller:reset_out:reset_req (reset_req)"
Warning: nios_system2: "No matching role found for rst_controller:reset_out:reset_req (reset_req)"
Warning: nios_system2: "No matching role found for rst_controller:reset_out:reset_req (reset_req)"
Warning: nios_system2: "No matching role found for rst_controller:reset_out:reset_req (reset_req)"
Warning: nios_system2: "No matching role found for rst_controller:reset_out:reset_req (reset_req)"
Warning: nios_system2: "No matching role found for rst_controller:reset_out:reset_req (reset_req)"
Warning: nios_system2: "No matching role found for rst_controller:reset_out:reset_req (reset_req)"
Warning: nios_system2: "No matching role found for rst_controller:reset_out:reset_req (reset_req)"
Warning: nios_system2: "No matching role found for rst_controller:reset_out:reset_req (reset_req)"
Warning: nios_system2: "No matching role found for rst_controller:reset_out:reset_req (reset_req)"
Warning: nios_system2: "No matching role found for rst_controller:reset_out:reset_req (reset_req)"
Warning: nios_system2: "No matching role found for rst_controller:reset_out:reset_req (reset_req)"
Warning: nios_system2: "No matching role found for rst_controller:reset_out:reset_req (reset_req)"
Warning: nios_system2: "No matching role found for rst_controller:reset_out:reset_req (reset_req)"
Warning: nios_system2: "No matching role found for rst_controller:reset_out:reset_req (reset_req)"
Warning: nios_system2: "No matching role found for rst_controller:reset_out:reset_req (reset_req)"
Warning: nios_system2: "No matching role found for rst_controller:reset_out:reset_req (reset_req)"
Warning: nios_system2: "No matching role found for rst_controller:reset_out:reset_req (reset_req)"
Warning: nios_system2: "No matching role found for rst_controller:reset_out:reset_req (reset_req)"
Warning: nios_system2: "No matching role found for rst_controller:reset_out:reset_req (reset_req)"
Warning: nios_system2: "No matching role found for rst_controller:reset_out:reset_req (reset_req)"
Warning: nios_system2: "No matching role found for rst_controller:reset_out:reset_req (reset_req)"
Warning: nios_system2: "No matching role found for rst_controller:reset_out:reset_req (reset_req)"
Warning: nios_system2: "No matching role found for rst_controller:reset_out:reset_req (reset_req)"
Warning: nios_system2: "No matching role found for rst_controller:reset_out:reset_req (reset_req)"
Warning: nios_system2: "No matching role found for rst_controller:reset_out:reset_req (reset_req)"
Warning: nios_system2: "No matching role found for rst_controller:reset_out:reset_req (reset_req)"
Warning: nios_system2: "No matching role found for rst_controller:reset_out:reset_req (reset_req)"
Warning: nios_system2: "No matching role found for rst_controller:reset_out:reset_req (reset_req)"
Warning: nios_system2: "No matching role found for rst_controller:reset_out:reset_req (reset_req)"
Warning: nios_system2: "No matching role found for rst_controller:reset_out:reset_req (reset_req)"
Warning: nios_system2: "No matching role found for rst_controller:reset_out:reset_req (reset_req)"
Warning: nios_system2: "No matching role found for rst_controller:reset_out:reset_req (reset_req)"
Warning: nios_system2: "No matching role found for rst_controller:reset_out:reset_req (reset_req)"
Warning: nios_system2: "No matching role found for rst_controller:reset_out:reset_req (reset_req)"
Warning: nios_system2: "No matching role found for rst_controller:reset_out:reset_req (reset_req)"
Warning: nios_system2: "No matching role found for rst_controller:reset_out:reset_req (reset_req)"
Warning: nios_system2: "No matching role found for rst_controller:reset_out:reset_req (reset_req)"
Warning: nios_system2: "No matching role found for rst_controller:reset_out:reset_req (reset_req)"
Warning: nios_system2: "No matching role found for rst_controller:reset_out:reset_req (reset_req)"
Warning: nios_system2: "No matching role found for rst_controller:reset_out:reset_req (reset_req)"
Warning: nios_system2: "No matching role found for rst_controller:reset_out:reset_req (reset_req)"
Info: cpu_0: Starting RTL generation for module 'nios_system2_cpu_0'
Info: cpu_0:   Generation command is [exec C:/altera/13.0sp1/quartus/../ip/altera/nios2_ip/altera_nios2/eperl.exe -I C:/altera/13.0sp1/quartus/common/ip/altera/common/perl/5.8.3 -I C:/altera/13.0sp1/quartus/sopc_builder/bin/europa -I C:/altera/13.0sp1/quartus/sopc_builder/bin/perl_lib -I C:/altera/13.0sp1/quartus/sopc_builder/bin -I C:/altera/13.0sp1/quartus/../ip/altera/nios2_ip/altera_nios2/cpu_lib -I C:/altera/13.0sp1/quartus/../ip/altera/nios2_ip/altera_nios2/nios_lib -I C:/altera/13.0sp1/quartus/../ip/altera/nios2_ip/altera_nios2 -I C:/altera/13.0sp1/quartus/../ip/altera/nios2_ip/altera_nios2 -- C:/altera/13.0sp1/quartus/../ip/altera/nios2_ip/altera_nios2/generate_rtl.epl --name=nios_system2_cpu_0 --dir=C:/Users/w92p177/AppData/Local/Temp/alt6315_2977836870452792906.dir/0001_cpu_0_gen/ --quartus_dir=C:/altera/13.0sp1/quartus --verilog --config=C:/Users/w92p177/AppData/Local/Temp/alt6315_2977836870452792906.dir/0001_cpu_0_gen//nios_system2_cpu_0_processor_configuration.pl  --do_build_sim=0    --bogus  ]
Info: cpu_0: # 2014.09.02 10:54:35 (*) Starting Nios II generation
Info: cpu_0: # 2014.09.02 10:54:35 (*)   Checking for plaintext license.
Info: cpu_0: # 2014.09.02 10:54:35 (*)   Couldn't query license setup in Quartus directory C:/altera/13.0sp1/quartus
Info: cpu_0: # 2014.09.02 10:54:35 (*)   Defaulting to contents of LM_LICENSE_FILE environment variable
Info: cpu_0: # 2014.09.02 10:54:36 (*)   Plaintext license not found.
Info: cpu_0: # 2014.09.02 10:54:36 (*)   No license required to generate encrypted Nios II/e.
Info: cpu_0: # 2014.09.02 10:54:36 (*)   Elaborating CPU configuration settings
Info: cpu_0: # 2014.09.02 10:54:36 (*)   Creating all objects for CPU
Info: cpu_0: # 2014.09.02 10:54:37 (*)   Generating RTL from CPU objects
Info: cpu_0: # 2014.09.02 10:54:37 (*)   Creating plain-text RTL
Info: cpu_0: # 2014.09.02 10:54:39 (*) Done Nios II generation
Info: cpu_0: Done RTL generation for module 'nios_system2_cpu_0'
Info: cpu_0: "nios_system2" instantiated altera_nios2_qsys "cpu_0"
Info: onchip_memory2_0: Starting RTL generation for module 'nios_system2_onchip_memory2_0'
Info: onchip_memory2_0:   Generation command is [exec C:/altera/13.0sp1/quartus/bin/perl/bin/perl.exe -I C:/altera/13.0sp1/quartus/common/ip/altera/common/perl/5.8.3 -I C:/altera/13.0sp1/quartus/sopc_builder/bin/europa -I C:/altera/13.0sp1/quartus/sopc_builder/bin/perl_lib -I C:/altera/13.0sp1/quartus/sopc_builder/bin -I C:/altera/13.0sp1/quartus/../ip/altera/sopc_builder_ip/common -I C:/altera/13.0sp1/quartus/../ip/altera/sopc_builder_ip/altera_avalon_onchip_memory2 -- C:/altera/13.0sp1/quartus/../ip/altera/sopc_builder_ip/altera_avalon_onchip_memory2/generate_rtl.pl --name=nios_system2_onchip_memory2_0 --dir=C:/Users/w92p177/AppData/Local/Temp/alt6315_2977836870452792906.dir/0002_onchip_memory2_0_gen/ --quartus_dir=C:/altera/13.0sp1/quartus --verilog --config=C:/Users/w92p177/AppData/Local/Temp/alt6315_2977836870452792906.dir/0002_onchip_memory2_0_gen//nios_system2_onchip_memory2_0_component_configuration.pl  --do_build_sim=0  ]
Info: onchip_memory2_0: Done RTL generation for module 'nios_system2_onchip_memory2_0'
Info: onchip_memory2_0: "nios_system2" instantiated altera_avalon_onchip_memory2 "onchip_memory2_0"
Info: Switches: Starting RTL generation for module 'nios_system2_Switches'
Info: Switches:   Generation command is [exec C:/altera/13.0sp1/quartus/bin/perl/bin/perl.exe -I C:/altera/13.0sp1/quartus/common/ip/altera/common/perl/5.8.3 -I C:/altera/13.0sp1/quartus/sopc_builder/bin/europa -I C:/altera/13.0sp1/quartus/sopc_builder/bin/perl_lib -I C:/altera/13.0sp1/quartus/sopc_builder/bin -I C:/altera/13.0sp1/quartus/../ip/altera/sopc_builder_ip/common -I C:/altera/13.0sp1/quartus/../ip/altera/sopc_builder_ip/altera_avalon_pio -- C:/altera/13.0sp1/quartus/../ip/altera/sopc_builder_ip/altera_avalon_pio/generate_rtl.pl --name=nios_system2_Switches --dir=C:/Users/w92p177/AppData/Local/Temp/alt6315_2977836870452792906.dir/0003_Switches_gen/ --quartus_dir=C:/altera/13.0sp1/quartus --verilog --config=C:/Users/w92p177/AppData/Local/Temp/alt6315_2977836870452792906.dir/0003_Switches_gen//nios_system2_Switches_component_configuration.pl  --do_build_sim=0  ]
Info: Switches: Done RTL generation for module 'nios_system2_Switches'
Info: Switches: "nios_system2" instantiated altera_avalon_pio "Switches"
Info: LEDs: Starting RTL generation for module 'nios_system2_LEDs'
Info: LEDs:   Generation command is [exec C:/altera/13.0sp1/quartus/bin/perl/bin/perl.exe -I C:/altera/13.0sp1/quartus/common/ip/altera/common/perl/5.8.3 -I C:/altera/13.0sp1/quartus/sopc_builder/bin/europa -I C:/altera/13.0sp1/quartus/sopc_builder/bin/perl_lib -I C:/altera/13.0sp1/quartus/sopc_builder/bin -I C:/altera/13.0sp1/quartus/../ip/altera/sopc_builder_ip/common -I C:/altera/13.0sp1/quartus/../ip/altera/sopc_builder_ip/altera_avalon_pio -- C:/altera/13.0sp1/quartus/../ip/altera/sopc_builder_ip/altera_avalon_pio/generate_rtl.pl --name=nios_system2_LEDs --dir=C:/Users/w92p177/AppData/Local/Temp/alt6315_2977836870452792906.dir/0004_LEDs_gen/ --quartus_dir=C:/altera/13.0sp1/quartus --verilog --config=C:/Users/w92p177/AppData/Local/Temp/alt6315_2977836870452792906.dir/0004_LEDs_gen//nios_system2_LEDs_component_configuration.pl  --do_build_sim=0  ]
Info: LEDs: Done RTL generation for module 'nios_system2_LEDs'
Info: LEDs: "nios_system2" instantiated altera_avalon_pio "LEDs"
Info: jtag_uart_0: Starting RTL generation for module 'nios_system2_jtag_uart_0'
Info: jtag_uart_0:   Generation command is [exec C:/altera/13.0sp1/quartus/bin/perl/bin/perl.exe -I C:/altera/13.0sp1/quartus/common/ip/altera/common/perl/5.8.3 -I C:/altera/13.0sp1/quartus/sopc_builder/bin/europa -I C:/altera/13.0sp1/quartus/sopc_builder/bin/perl_lib -I C:/altera/13.0sp1/quartus/sopc_builder/bin -I C:/altera/13.0sp1/quartus/../ip/altera/sopc_builder_ip/common -I C:/altera/13.0sp1/quartus/../ip/altera/sopc_builder_ip/altera_avalon_jtag_uart -- C:/altera/13.0sp1/quartus/../ip/altera/sopc_builder_ip/altera_avalon_jtag_uart/generate_rtl.pl --name=nios_system2_jtag_uart_0 --dir=C:/Users/w92p177/AppData/Local/Temp/alt6315_2977836870452792906.dir/0005_jtag_uart_0_gen/ --quartus_dir=C:/altera/13.0sp1/quartus --verilog --config=C:/Users/w92p177/AppData/Local/Temp/alt6315_2977836870452792906.dir/0005_jtag_uart_0_gen//nios_system2_jtag_uart_0_component_configuration.pl  --do_build_sim=0  ]
Info: jtag_uart_0: Done RTL generation for module 'nios_system2_jtag_uart_0'
Info: jtag_uart_0: "nios_system2" instantiated altera_avalon_jtag_uart "jtag_uart_0"
Info: cpu_0_instruction_master_translator: "nios_system2" instantiated altera_merlin_master_translator "cpu_0_instruction_master_translator"
Info: cpu_0_jtag_debug_module_translator: "nios_system2" instantiated altera_merlin_slave_translator "cpu_0_jtag_debug_module_translator"
Info: cpu_0_instruction_master_translator_avalon_universal_master_0_agent: "nios_system2" instantiated altera_merlin_master_agent "cpu_0_instruction_master_translator_avalon_universal_master_0_agent"
Info: cpu_0_jtag_debug_module_translator_avalon_universal_slave_0_agent: "nios_system2" instantiated altera_merlin_slave_agent "cpu_0_jtag_debug_module_translator_avalon_universal_slave_0_agent"
Info: cpu_0_jtag_debug_module_translator_avalon_universal_slave_0_agent_rsp_fifo: "nios_system2" instantiated altera_avalon_sc_fifo "cpu_0_jtag_debug_module_translator_avalon_universal_slave_0_agent_rsp_fifo"
Info: addr_router: "nios_system2" instantiated altera_merlin_router "addr_router"
Info: id_router: "nios_system2" instantiated altera_merlin_router "id_router"
Info: rst_controller: "nios_system2" instantiated altera_reset_controller "rst_controller"
Info: cmd_xbar_demux: "nios_system2" instantiated altera_merlin_demultiplexer "cmd_xbar_demux"
Info: cmd_xbar_mux: "nios_system2" instantiated altera_merlin_multiplexer "cmd_xbar_mux"
Info: rsp_xbar_demux: "nios_system2" instantiated altera_merlin_demultiplexer "rsp_xbar_demux"
Info: rsp_xbar_mux: "nios_system2" instantiated altera_merlin_multiplexer "rsp_xbar_mux"
Info: Reusing file C:/Users/w92p177/Desktop/DE2_System/nios_system2/synthesis/submodules/altera_merlin_arbitrator.sv
Info: irq_mapper: "nios_system2" instantiated altera_irq_mapper "irq_mapper"
Info: nios_system2: Done nios_system2" with 19 modules, 85 files, 1653728 bytes
Info: ip-generate succeeded.
Info: Finished: Create HDL design files for synthesis
